<?xml version="1.0" encoding="UTF-8"?>
<testsuite xmlns:xsi="http://www.w3.org/2001/XMLSchema-instance" xsi:noNamespaceSchemaLocation="https://maven.apache.org/surefire/maven-surefire-plugin/xsd/surefire-test-report-3.0.xsd" version="3.0" name="com.pinsoft.project1.be.Project1ApplicationTests" time="50.612" tests="1" errors="0" skipped="0" failures="0">
  <properties>
[...]
</properties>
  <testcase name="contextLoads" classname="com.pinsoft.project1.be.Project1ApplicationTests" time="0.698">
    <system-out><![CDATA[15:07:59.668 [main] INFO org.springframework.test.context.support.AnnotationConfigContextLoaderUtils -- Could not detect default configuration classes for test class [com.pinsoft.project1.be.Project1ApplicationTests]: Project1ApplicationTests does not declare any static, non-private, non-final, nested classes annotated with @Configuration.
15:07:59.817 [main] INFO org.springframework.boot.test.context.SpringBootTestContextBootstrapper -- Found @SpringBootConfiguration com.pinsoft.project1.be.Project1BEApplication for test class com.pinsoft.project1.be.Project1ApplicationTests

  .   ____          _            __ _ _
 /\\ / ___'_ __ _ _(_)_ __  __ _ \ \ \ \
( ( )\___ | '_ | '_| | '_ \/ _` | \ \ \ \
 \\/  ___)| |_)| | | | | || (_| |  ) ) ) )
  '  |____| .__|_| |_|_| |_\__, | / / / /
 =========|_|==============|___/=/_/_/_/
 :: Spring Boot ::                (v3.2.0)

2023-12-12T15:08:00.534+03:00  INFO 6556 --- [           main] c.p.p.be.Project1ApplicationTests        : Starting Project1ApplicationTests using Java 17.0.5 with PID 6556 (started by eshan in E:\DEVELOPMENT\pinsoft\project1-be)
2023-12-12T15:08:00.536+03:00  INFO 6556 --- [           main] c.p.p.be.Project1ApplicationTests        : No active profile set, falling back to 1 default profile: "default"
2023-12-12T15:08:01.860+03:00  INFO 6556 --- [           main] .s.d.r.c.RepositoryConfigurationDelegate : Bootstrapping Spring Data JPA repositories in DEFAULT mode.
2023-12-12T15:08:01.937+03:00  INFO 6556 --- [           main] .s.d.r.c.RepositoryConfigurationDelegate : Finished Spring Data repository scanning in 65 ms. Found 4 JPA repository interfaces.
2023-12-12T15:08:02.601+03:00  INFO 6556 --- [           main] com.zaxxer.hikari.HikariDataSource       : HikariPool-1 - Starting...
2023-12-12T15:08:16.507+03:00  INFO 6556 --- [           main] com.zaxxer.hikari.pool.HikariPool        : HikariPool-1 - Added connection org.postgresql.jdbc.PgConnection@7f5fcfe9
2023-12-12T15:08:16.509+03:00  INFO 6556 --- [           main] com.zaxxer.hikari.HikariDataSource       : HikariPool-1 - Start completed.
2023-12-12T15:08:19.021+03:00  INFO 6556 --- [           main] liquibase.database                       : Set default schema name to public
2023-12-12T15:08:20.024+03:00  INFO 6556 --- [           main] liquibase.changelog                      : Creating database history table with name: public.databasechangelog
2023-12-12T15:08:20.869+03:00  INFO 6556 --- [           main] liquibase.changelog                      : Reading from public.databasechangelog
2023-12-12T15:08:26.522+03:00  INFO 6556 --- [           main] liquibase.lockservice                    : Successfully acquired change log lock
2023-12-12T15:08:26.733+03:00  INFO 6556 --- [           main] liquibase.command                        : Using deploymentId: 2382906733
2023-12-12T15:08:26.950+03:00  INFO 6556 --- [           main] liquibase.changelog                      : Reading from public.databasechangelog
Running Changeset: db/changelog/db.changelog-master.xml::20231210-create-category::Tuğçe Usta
2023-12-12T15:08:28.158+03:00  INFO 6556 --- [           main] liquibase.changelog                      : Table category created
2023-12-12T15:08:29.027+03:00  INFO 6556 --- [           main] liquibase.changelog                      : Auto-increment added to category.id
2023-12-12T15:08:29.255+03:00  INFO 6556 --- [           main] liquibase.changelog                      : ChangeSet db/changelog/db.changelog-master.xml::20231210-create-category::Tuğçe Usta ran successfully in 2018ms
Running Changeset: db/changelog/db.changelog-master.xml::20231210-create-product::Tuğçe Usta
2023-12-12T15:08:30.462+03:00  INFO 6556 --- [           main] liquibase.changelog                      : Table product created
2023-12-12T15:08:30.678+03:00  INFO 6556 --- [           main] liquibase.changelog                      : Foreign key constraint added to product (category_id)
2023-12-12T15:08:31.536+03:00  INFO 6556 --- [           main] liquibase.changelog                      : Auto-increment added to product.id
2023-12-12T15:08:31.747+03:00  INFO 6556 --- [           main] liquibase.changelog                      : ChangeSet db/changelog/db.changelog-master.xml::20231210-create-product::Tuğçe Usta ran successfully in 1829ms
Running Changeset: db/changelog/db.changelog-master.xml::20231210-create-role::Tuğçe Usta
2023-12-12T15:08:32.622+03:00  INFO 6556 --- [           main] liquibase.changelog                      : Table role created
2023-12-12T15:08:33.498+03:00  INFO 6556 --- [           main] liquibase.changelog                      : Auto-increment added to role.id
2023-12-12T15:08:33.711+03:00  INFO 6556 --- [           main] liquibase.changelog                      : ChangeSet db/changelog/db.changelog-master.xml::20231210-create-role::Tuğçe Usta ran successfully in 1532ms
Running Changeset: db/changelog/db.changelog-master.xml::20231210-create-user_account::Tuğçe Usta
2023-12-12T15:08:34.679+03:00  INFO 6556 --- [           main] liquibase.changelog                      : Table user_account created
2023-12-12T15:08:34.975+03:00  INFO 6556 --- [           main] liquibase.changelog                      : Foreign key constraint added to user_account (role_id)
2023-12-12T15:08:36.077+03:00  INFO 6556 --- [           main] liquibase.changelog                      : Auto-increment added to user_account.id
2023-12-12T15:08:36.292+03:00  INFO 6556 --- [           main] liquibase.changelog                      : ChangeSet db/changelog/db.changelog-master.xml::20231210-create-user_account::Tuğçe Usta ran successfully in 2140ms
Running Changeset: db/changelog/db.changelog-master.xml::20231211-insert-category::Tuğçe Usta
2023-12-12T15:08:37.174+03:00  INFO 6556 --- [           main] liquibase.changelog                      : New row inserted into category
2023-12-12T15:08:37.385+03:00  INFO 6556 --- [           main] liquibase.changelog                      : New row inserted into category
2023-12-12T15:08:37.597+03:00  INFO 6556 --- [           main] liquibase.changelog                      : New row inserted into category
2023-12-12T15:08:37.811+03:00  INFO 6556 --- [           main] liquibase.changelog                      : ChangeSet db/changelog/db.changelog-master.xml::20231211-insert-category::Tuğçe Usta ran successfully in 1080ms
Running Changeset: db/changelog/db.changelog-master.xml::20231211-insert-product::Tuğçe Usta
2023-12-12T15:08:39.230+03:00  INFO 6556 --- [           main] liquibase.changelog                      : New row inserted into product
2023-12-12T15:08:39.441+03:00  INFO 6556 --- [           main] liquibase.changelog                      : New row inserted into product
2023-12-12T15:08:39.662+03:00  INFO 6556 --- [           main] liquibase.changelog                      : ChangeSet db/changelog/db.changelog-master.xml::20231211-insert-product::Tuğçe Usta ran successfully in 1117ms
Running Changeset: db/changelog/db.changelog-master.xml::20231211-insert-role::Tuğçe Usta
2023-12-12T15:08:40.526+03:00  INFO 6556 --- [           main] liquibase.changelog                      : New row inserted into role
2023-12-12T15:08:40.737+03:00  INFO 6556 --- [           main] liquibase.changelog                      : New row inserted into role
2023-12-12T15:08:40.957+03:00  INFO 6556 --- [           main] liquibase.changelog                      : ChangeSet db/changelog/db.changelog-master.xml::20231211-insert-role::Tuğçe Usta ran successfully in 856ms
Running Changeset: db/changelog/db.changelog-master.xml::20231211-insert-user_account::Tuğçe Usta
2023-12-12T15:08:41.830+03:00  INFO 6556 --- [           main] liquibase.changelog                      : New row inserted into user_account
2023-12-12T15:08:42.043+03:00  INFO 6556 --- [           main] liquibase.changelog                      : ChangeSet db/changelog/db.changelog-master.xml::20231211-insert-user_account::Tuğçe Usta ran successfully in 643ms
2023-12-12T15:08:42.482+03:00  INFO 6556 --- [           main] liquibase.util                           : UPDATE SUMMARY
2023-12-12T15:08:42.482+03:00  INFO 6556 --- [           main] liquibase.util                           : Run:                          8
2023-12-12T15:08:42.482+03:00  INFO 6556 --- [           main] liquibase.util                           : Previously run:               0
2023-12-12T15:08:42.482+03:00  INFO 6556 --- [           main] liquibase.util                           : Filtered out:                 0
2023-12-12T15:08:42.482+03:00  INFO 6556 --- [           main] liquibase.util                           : -------------------------------
2023-12-12T15:08:42.482+03:00  INFO 6556 --- [           main] liquibase.util                           : Total change sets:            8
2023-12-12T15:08:42.482+03:00  INFO 6556 --- [           main] liquibase.util                           : Update summary generated
2023-12-12T15:08:42.484+03:00  INFO 6556 --- [           main] liquibase.command                        : Update command completed successfully.
Liquibase: Update has been successful. Rows affected: 16
2023-12-12T15:08:43.148+03:00  INFO 6556 --- [           main] liquibase.lockservice                    : Successfully released change log lock
2023-12-12T15:08:43.592+03:00  INFO 6556 --- [           main] liquibase.command                        : Command execution complete
2023-12-12T15:08:44.452+03:00  INFO 6556 --- [           main] o.hibernate.jpa.internal.util.LogHelper  : HHH000204: Processing PersistenceUnitInfo [name: default]
2023-12-12T15:08:44.556+03:00  INFO 6556 --- [           main] org.hibernate.Version                    : HHH000412: Hibernate ORM core version 6.3.1.Final
2023-12-12T15:08:44.622+03:00  INFO 6556 --- [           main] o.h.c.internal.RegionFactoryInitiator    : HHH000026: Second-level cache disabled
2023-12-12T15:08:45.104+03:00  INFO 6556 --- [           main] o.s.o.j.p.SpringPersistenceUnitInfo      : No LoadTimeWeaver setup: ignoring JPA class transformer
2023-12-12T15:08:46.015+03:00  WARN 6556 --- [           main] org.hibernate.orm.deprecation            : HHH90000025: PostgreSQLDialect does not need to be specified explicitly using 'hibernate.dialect' (remove the property setting and it will be selected by default)
2023-12-12T15:08:47.680+03:00  INFO 6556 --- [           main] o.h.e.t.j.p.i.JtaPlatformInitiator       : HHH000489: No JTA platform available (set 'hibernate.transaction.jta.platform' to enable JTA platform integration)
2023-12-12T15:08:47.684+03:00  INFO 6556 --- [           main] j.LocalContainerEntityManagerFactoryBean : Initialized JPA EntityManagerFactory for persistence unit 'default'
2023-12-12T15:08:48.577+03:00  WARN 6556 --- [           main] JpaBaseConfiguration$JpaWebConfiguration : spring.jpa.open-in-view is enabled by default. Therefore, database queries may be performed during view rendering. Explicitly configure spring.jpa.open-in-view to disable this warning
2023-12-12T15:08:49.280+03:00  INFO 6556 --- [           main] c.p.p.be.Project1ApplicationTests        : Started Project1ApplicationTests in 49.164 seconds (process running for 50.768)
]]></system-out>
  </testcase>
</testsuite>